Build started 9/20/2015 6:30:52 PM.
     1>Project "E:\Projects\PathFinding\PathFinding\PathFinding.vcxproj" on node 2 (build target(s)).
     1>InitializeBuildStatus:
         Creating "Debug\PathFinding.unsuccessfulbuild" because "AlwaysCreate" was specified.
       ClCompile:
         All outputs are up-to-date.
         E:\Softwares\Visual Studio 2010\VC\bin\CL.exe /c /ZI /nologo /W3 /WX- /Od /Oy- /D WIN32 /D _DEBUG /D _CONSOLE /D _UNICODE /D UNICODE /Gm /EHsc /RTC1 /MDd /GS /fp:precise /Zc:wchar_t /Zc:forScope /Yu"StdAfx.h" /Fp"Debug\PathFinding.pch" /Fo"Debug\\" /Fd"Debug\vc100.pdb" /Gd /TP /analyze- /errorReport:prompt PathFinding.cpp
         PathFinding.cpp
     1>e:\projects\pathfinding\pathfinding\pathfinding.cpp(49): warning C4101: 'c' : unreferenced local variable
     1>e:\projects\pathfinding\pathfinding\pathfinding.cpp(71): warning C4244: '=' : conversion from 'double' to 'int', possible loss of data
     1>e:\projects\pathfinding\pathfinding\pathfinding.cpp(190): warning C4018: '<' : signed/unsigned mismatch
     1>e:\projects\pathfinding\pathfinding\pathfinding.cpp(169): warning C4101: 'DummyNodeQ' : unreferenced local variable
     1>e:\projects\pathfinding\pathfinding\pathfinding.cpp(168): warning C4101: 'f' : unreferenced local variable
     1>e:\projects\pathfinding\pathfinding\pathfinding.cpp(169): warning C4101: 'nodeP' : unreferenced local variable
       Link:
         E:\Softwares\Visual Studio 2010\VC\bin\link.exe /ERRORREPORT:PROMPT /OUT:"E:\Projects\PathFinding\Debug\PathFinding.exe" /INCREMENTAL:NO /NOLOGO kernel32.lib user32.lib gdi32.lib winspool.lib comdlg32.lib advapi32.lib shell32.lib ole32.lib oleaut32.lib uuid.lib odbc32.lib odbccp32.lib /MANIFEST /ManifestFile:"Debug\PathFinding.exe.intermediate.manifest" /MANIFESTUAC:"level='asInvoker' uiAccess='false'" /DEBUG /PDB:"E:\Projects\PathFinding\Debug\PathFinding.pdb" /SUBSYSTEM:CONSOLE /TLBID:1 /DYNAMICBASE /NXCOMPAT /IMPLIB:"E:\Projects\PathFinding\Debug\PathFinding.lib" /MACHINE:X86 Debug\PathFinding.obj
         Debug\stdafx.obj
     1>PathFinding.obj : warning LNK4075: ignoring '/EDITANDCONTINUE' due to '/INCREMENTAL:NO' specification
         PathFinding.vcxproj -> E:\Projects\PathFinding\Debug\PathFinding.exe
       Manifest:
         C:\Program Files (x86)\Microsoft SDKs\Windows\v7.0A\bin\mt.exe /nologo /verbose /outputresource:"E:\Projects\PathFinding\Debug\PathFinding.exe;#1" /manifest Debug\PathFinding.exe.intermediate.manifest
       FinalizeBuildStatus:
         Deleting file "Debug\PathFinding.unsuccessfulbuild".
         Touching "Debug\PathFinding.lastbuildstate".
     1>Done Building Project "E:\Projects\PathFinding\PathFinding\PathFinding.vcxproj" (build target(s)).

Build succeeded.

Time Elapsed 00:00:01.24
